2024/09/02 15:17:20 [notice] 1#1: using the "epoll" event method
2024/09/02 15:17:20 [notice] 1#1: nginx/1.27.1
2024/09/02 15:17:20 [notice] 1#1: built by gcc 13.2.1 20240309 (Alpine 13.2.1_git20240309) 
2024/09/02 15:17:20 [notice] 1#1: OS: Linux 6.6.47_1
2024/09/02 15:17:20 [notice] 1#1: getrlimit(RLIMIT_NOFILE): 4096:4096
2024/09/02 15:17:20 [notice] 1#1: start worker processes
2024/09/02 15:17:20 [notice] 1#1: start worker process 20
2024/09/02 15:17:20 [notice] 1#1: start worker process 21
2024/09/02 15:17:20 [notice] 1#1: start worker process 22
2024/09/02 15:17:20 [notice] 1#1: start worker process 23
2024/09/02 15:25:14 [notice] 1#1: signal 3 (SIGQUIT) received, shutting down
2024/09/02 15:25:14 [notice] 21#21: gracefully shutting down
2024/09/02 15:25:14 [notice] 20#20: gracefully shutting down
2024/09/02 15:25:14 [notice] 22#22: gracefully shutting down
2024/09/02 15:25:14 [notice] 21#21: exiting
2024/09/02 15:25:14 [notice] 20#20: exiting
2024/09/02 15:25:14 [notice] 22#22: exiting
2024/09/02 15:25:14 [notice] 21#21: exit
2024/09/02 15:25:14 [notice] 20#20: exit
2024/09/02 15:25:14 [notice] 22#22: exit
2024/09/02 15:25:14 [notice] 23#23: gracefully shutting down
2024/09/02 15:25:14 [notice] 23#23: exiting
2024/09/02 15:25:14 [notice] 23#23: exit
2024/09/02 15:25:14 [notice] 1#1: signal 17 (SIGCHLD) received from 22
2024/09/02 15:25:14 [notice] 1#1: worker process 22 exited with code 0
2024/09/02 15:25:14 [notice] 1#1: signal 29 (SIGIO) received
2024/09/02 15:25:14 [notice] 1#1: signal 17 (SIGCHLD) received from 21
2024/09/02 15:25:14 [notice] 1#1: worker process 20 exited with code 0
2024/09/02 15:25:14 [notice] 1#1: worker process 21 exited with code 0
2024/09/02 15:25:14 [notice] 1#1: signal 29 (SIGIO) received
2024/09/02 15:25:14 [notice] 1#1: signal 17 (SIGCHLD) received from 20
2024/09/02 15:25:14 [notice] 1#1: signal 17 (SIGCHLD) received from 23
2024/09/02 15:25:14 [notice] 1#1: worker process 23 exited with code 0
2024/09/02 15:25:14 [notice] 1#1: exit
2024/09/02 15:25:14 [notice] 1#1: using the "epoll" event method
2024/09/02 15:25:14 [notice] 1#1: nginx/1.27.1
2024/09/02 15:25:14 [notice] 1#1: built by gcc 13.2.1 20240309 (Alpine 13.2.1_git20240309) 
2024/09/02 15:25:14 [notice] 1#1: OS: Linux 6.6.47_1
2024/09/02 15:25:14 [notice] 1#1: getrlimit(RLIMIT_NOFILE): 4096:4096
2024/09/02 15:25:14 [notice] 1#1: start worker processes
2024/09/02 15:25:14 [notice] 1#1: start worker process 20
2024/09/02 15:25:14 [notice] 1#1: start worker process 21
2024/09/02 15:25:14 [notice] 1#1: start worker process 22
2024/09/02 15:25:14 [notice] 1#1: start worker process 23
2024/09/02 15:25:18 [notice] 1#1: signal 3 (SIGQUIT) received, shutting down
2024/09/02 15:25:18 [notice] 20#20: gracefully shutting down
2024/09/02 15:25:18 [notice] 21#21: gracefully shutting down
2024/09/02 15:25:18 [notice] 22#22: gracefully shutting down
2024/09/02 15:25:18 [notice] 20#20: exiting
2024/09/02 15:25:18 [notice] 21#21: exiting
2024/09/02 15:25:18 [notice] 22#22: exiting
2024/09/02 15:25:18 [notice] 21#21: exit
2024/09/02 15:25:18 [notice] 20#20: exit
2024/09/02 15:25:18 [notice] 22#22: exit
2024/09/02 15:25:18 [notice] 23#23: gracefully shutting down
2024/09/02 15:25:18 [notice] 23#23: exiting
2024/09/02 15:25:18 [notice] 23#23: exit
2024/09/02 15:25:18 [notice] 1#1: signal 17 (SIGCHLD) received from 20
2024/09/02 15:25:18 [notice] 1#1: worker process 20 exited with code 0
2024/09/02 15:25:18 [notice] 1#1: signal 29 (SIGIO) received
2024/09/02 15:25:18 [notice] 1#1: signal 17 (SIGCHLD) received from 21
2024/09/02 15:25:18 [notice] 1#1: worker process 21 exited with code 0
2024/09/02 15:25:18 [notice] 1#1: worker process 23 exited with code 0
2024/09/02 15:25:18 [notice] 1#1: signal 29 (SIGIO) received
2024/09/02 15:25:18 [notice] 1#1: signal 17 (SIGCHLD) received from 22
2024/09/02 15:25:18 [notice] 1#1: worker process 22 exited with code 0
2024/09/02 15:25:18 [notice] 1#1: exit
2024/09/02 15:26:41 [notice] 1#1: using the "epoll" event method
2024/09/02 15:26:41 [notice] 1#1: nginx/1.27.1
2024/09/02 15:26:41 [notice] 1#1: built by gcc 13.2.1 20240309 (Alpine 13.2.1_git20240309) 
2024/09/02 15:26:41 [notice] 1#1: OS: Linux 6.6.47_1
2024/09/02 15:26:41 [notice] 1#1: getrlimit(RLIMIT_NOFILE): 4096:4096
2024/09/02 15:26:41 [notice] 1#1: start worker processes
2024/09/02 15:26:41 [notice] 1#1: start worker process 20
2024/09/02 15:26:41 [notice] 1#1: start worker process 21
2024/09/02 15:26:41 [notice] 1#1: start worker process 22
2024/09/02 15:26:41 [notice] 1#1: start worker process 23
2024/09/02 16:15:22 [notice] 1#1: signal 3 (SIGQUIT) received, shutting down
2024/09/02 16:15:22 [notice] 20#20: gracefully shutting down
2024/09/02 16:15:22 [notice] 21#21: gracefully shutting down
2024/09/02 16:15:22 [notice] 22#22: gracefully shutting down
2024/09/02 16:15:22 [notice] 20#20: exiting
2024/09/02 16:15:22 [notice] 21#21: exiting
2024/09/02 16:15:22 [notice] 22#22: exiting
2024/09/02 16:15:22 [notice] 22#22: exit
2024/09/02 16:15:22 [notice] 20#20: exit
2024/09/02 16:15:22 [notice] 21#21: exit
2024/09/02 16:15:22 [notice] 23#23: gracefully shutting down
2024/09/02 16:15:22 [notice] 23#23: exiting
2024/09/02 16:15:22 [notice] 23#23: exit
2024/09/02 16:15:22 [notice] 1#1: signal 17 (SIGCHLD) received from 20
2024/09/02 16:15:22 [notice] 1#1: worker process 20 exited with code 0
2024/09/02 16:15:22 [notice] 1#1: signal 29 (SIGIO) received
2024/09/02 16:15:22 [notice] 1#1: signal 17 (SIGCHLD) received from 23
2024/09/02 16:15:22 [notice] 1#1: worker process 23 exited with code 0
2024/09/02 16:15:22 [notice] 1#1: worker process 21 exited with code 0
2024/09/02 16:15:22 [notice] 1#1: signal 29 (SIGIO) received
2024/09/02 16:15:22 [notice] 1#1: signal 17 (SIGCHLD) received from 21
2024/09/02 16:15:22 [notice] 1#1: signal 17 (SIGCHLD) received from 22
2024/09/02 16:15:22 [notice] 1#1: worker process 22 exited with code 0
2024/09/02 16:15:22 [notice] 1#1: exit
2024/09/02 16:16:13 [notice] 1#1: using the "epoll" event method
2024/09/02 16:16:13 [notice] 1#1: nginx/1.27.1
2024/09/02 16:16:13 [notice] 1#1: built by gcc 13.2.1 20240309 (Alpine 13.2.1_git20240309) 
2024/09/02 16:16:13 [notice] 1#1: OS: Linux 6.6.47_1
2024/09/02 16:16:13 [notice] 1#1: getrlimit(RLIMIT_NOFILE): 4096:4096
2024/09/02 16:16:13 [notice] 1#1: start worker processes
2024/09/02 16:16:13 [notice] 1#1: start worker process 20
2024/09/02 16:16:13 [notice] 1#1: start worker process 21
2024/09/02 16:16:13 [notice] 1#1: start worker process 22
2024/09/02 16:16:13 [notice] 1#1: start worker process 23
